[17-Jul-2016 17:21:47 UTC] PHP Fatal error:  Call to undefined function alert() in /home/ubuntu/workspace/project/park/login.php on line 44
[17-Jul-2016 17:21:47 UTC] PHP Stack trace:
[17-Jul-2016 17:21:47 UTC] PHP   1. {main}() /home/ubuntu/workspace/project/park/login.php:0
[17-Jul-2016 17:22:56 UTC] PHP Fatal error:  Call to undefined function alert() in /home/ubuntu/workspace/project/park/login.php on line 44
[17-Jul-2016 17:22:56 UTC] PHP Stack trace:
[17-Jul-2016 17:22:56 UTC] PHP   1. {main}() /home/ubuntu/workspace/project/park/login.php:0
[18-Jul-2016 03:06:26 UTC] PHP Warning:  mysql_fetch_array() expects parameter 1 to be resource, null given in /home/ubuntu/workspace/project/park/login.php on line 57
[18-Jul-2016 03:06:26 UTC] PHP Stack trace:
[18-Jul-2016 03:06:26 UTC] PHP   1. {main}() /home/ubuntu/workspace/project/park/login.php:0
[18-Jul-2016 03:06:26 UTC] PHP   2. mysql_fetch_array() /home/ubuntu/workspace/project/park/login.php:57
[18-Jul-2016 03:08:01 UTC] PHP Warning:  mysql_fetch_array() expects parameter 1 to be resource, null given in /home/ubuntu/workspace/project/park/login.php on line 57
[18-Jul-2016 03:08:01 UTC] PHP Stack trace:
[18-Jul-2016 03:08:01 UTC] PHP   1. {main}() /home/ubuntu/workspace/project/park/login.php:0
[18-Jul-2016 03:08:01 UTC] PHP   2. mysql_fetch_array() /home/ubuntu/workspace/project/park/login.php:57
[18-Jul-2016 03:08:12 UTC] PHP Warning:  mysql_fetch_array() expects parameter 1 to be resource, null given in /home/ubuntu/workspace/project/park/login.php on line 57
[18-Jul-2016 03:08:12 UTC] PHP Stack trace:
[18-Jul-2016 03:08:12 UTC] PHP   1. {main}() /home/ubuntu/workspace/project/park/login.php:0
[18-Jul-2016 03:08:12 UTC] PHP   2. mysql_fetch_array() /home/ubuntu/workspace/project/park/login.php:57
[18-Jul-2016 03:09:25 UTC] PHP Warning:  mysql_fetch_array() expects parameter 1 to be resource, null given in /home/ubuntu/workspace/project/park/login.php on line 57
[18-Jul-2016 03:09:25 UTC] PHP Stack trace:
[18-Jul-2016 03:09:25 UTC] PHP   1. {main}() /home/ubuntu/workspace/project/park/login.php:0
[18-Jul-2016 03:09:25 UTC] PHP   2. mysql_fetch_array() /home/ubuntu/workspace/project/park/login.php:57
[18-Jul-2016 03:09:35 UTC] PHP Warning:  mysql_fetch_array() expects parameter 1 to be resource, null given in /home/ubuntu/workspace/project/park/login.php on line 57
[18-Jul-2016 03:09:35 UTC] PHP Stack trace:
[18-Jul-2016 03:09:35 UTC] PHP   1. {main}() /home/ubuntu/workspace/project/park/login.php:0
[18-Jul-2016 03:09:35 UTC] PHP   2. mysql_fetch_array() /home/ubuntu/workspace/project/park/login.php:57
[18-Jul-2016 03:10:49 UTC] PHP Warning:  mysql_fetch_array() expects parameter 1 to be resource, null given in /home/ubuntu/workspace/project/park/login.php on line 57
[18-Jul-2016 03:10:49 UTC] PHP Stack trace:
[18-Jul-2016 03:10:49 UTC] PHP   1. {main}() /home/ubuntu/workspace/project/park/login.php:0
[18-Jul-2016 03:10:49 UTC] PHP   2. mysql_fetch_array() /home/ubuntu/workspace/project/park/login.php:57
[18-Jul-2016 03:10:58 UTC] PHP Warning:  mysql_fetch_array() expects parameter 1 to be resource, null given in /home/ubuntu/workspace/project/park/login.php on line 57
[18-Jul-2016 03:10:58 UTC] PHP Stack trace:
[18-Jul-2016 03:10:58 UTC] PHP   1. {main}() /home/ubuntu/workspace/project/park/login.php:0
[18-Jul-2016 03:10:58 UTC] PHP   2. mysql_fetch_array() /home/ubuntu/workspace/project/park/login.php:57
[18-Jul-2016 03:11:30 UTC] PHP Warning:  mysql_fetch_array() expects parameter 1 to be resource, null given in /home/ubuntu/workspace/project/park/login.php on line 57
[18-Jul-2016 03:11:30 UTC] PHP Stack trace:
[18-Jul-2016 03:11:30 UTC] PHP   1. {main}() /home/ubuntu/workspace/project/park/login.php:0
[18-Jul-2016 03:11:30 UTC] PHP   2. mysql_fetch_array() /home/ubuntu/workspace/project/park/login.php:57
[18-Jul-2016 03:11:35 UTC] PHP Warning:  mysql_fetch_array() expects parameter 1 to be resource, null given in /home/ubuntu/workspace/project/park/login.php on line 57
[18-Jul-2016 03:11:35 UTC] PHP Stack trace:
[18-Jul-2016 03:11:35 UTC] PHP   1. {main}() /home/ubuntu/workspace/project/park/login.php:0
[18-Jul-2016 03:11:35 UTC] PHP   2. mysql_fetch_array() /home/ubuntu/workspace/project/park/login.php:57
[18-Jul-2016 03:34:14 UTC] PHP Fatal error:  Call to undefined function Change() in /home/ubuntu/workspace/project/park/login.php on line 53
[18-Jul-2016 03:34:14 UTC] PHP Stack trace:
[18-Jul-2016 03:34:14 UTC] PHP   1. {main}() /home/ubuntu/workspace/project/park/login.php:0
[18-Jul-2016 03:34:58 UTC] PHP Fatal error:  Call to undefined function Change() in /home/ubuntu/workspace/project/park/login.php on line 53
[18-Jul-2016 03:34:58 UTC] PHP Stack trace:
[18-Jul-2016 03:34:58 UTC] PHP   1. {main}() /home/ubuntu/workspace/project/park/login.php:0
[18-Jul-2016 03:35:02 UTC] PHP Fatal error:  Call to undefined function Change() in /home/ubuntu/workspace/project/park/login.php on line 53
[18-Jul-2016 03:35:02 UTC] PHP Stack trace:
[18-Jul-2016 03:35:02 UTC] PHP   1. {main}() /home/ubuntu/workspace/project/park/login.php:0
[18-Jul-2016 03:35:46 UTC] PHP Fatal error:  Call to undefined function ChangeA() in /home/ubuntu/workspace/project/park/login.php on line 53
[18-Jul-2016 03:35:46 UTC] PHP Stack trace:
[18-Jul-2016 03:35:46 UTC] PHP   1. {main}() /home/ubuntu/workspace/project/park/login.php:0
[18-Jul-2016 06:13:57 UTC] PHP Warning:  mysql_fetch_array() expects parameter 1 to be resource, null given in /home/ubuntu/workspace/project/park/seachmsg.php on line 10
[18-Jul-2016 06:13:57 UTC] PHP Stack trace:
[18-Jul-2016 06:13:57 UTC] PHP   1. {main}() /home/ubuntu/workspace/project/park/seachmsg.php:0
[18-Jul-2016 06:13:57 UTC] PHP   2. mysql_fetch_array() /home/ubuntu/workspace/project/park/seachmsg.php:10
[18-Jul-2016 06:14:01 UTC] PHP Warning:  mysql_fetch_array() expects parameter 1 to be resource, null given in /home/ubuntu/workspace/project/park/seachmsg.php on line 10
[18-Jul-2016 06:14:01 UTC] PHP Stack trace:
[18-Jul-2016 06:14:01 UTC] PHP   1. {main}() /home/ubuntu/workspace/project/park/seachmsg.php:0
[18-Jul-2016 06:14:01 UTC] PHP   2. mysql_fetch_array() /home/ubuntu/workspace/project/park/seachmsg.php:10
[18-Jul-2016 06:14:06 UTC] PHP Warning:  mysql_fetch_array() expects parameter 1 to be resource, null given in /home/ubuntu/workspace/project/park/seachmsg.php on line 10
[18-Jul-2016 06:14:06 UTC] PHP Stack trace:
[18-Jul-2016 06:14:06 UTC] PHP   1. {main}() /home/ubuntu/workspace/project/park/seachmsg.php:0
[18-Jul-2016 06:14:06 UTC] PHP   2. mysql_fetch_array() /home/ubuntu/workspace/project/park/seachmsg.php:10
[18-Jul-2016 06:15:20 UTC] PHP Warning:  mysql_fetch_array() expects parameter 1 to be resource, null given in /home/ubuntu/workspace/project/park/seachmsg.php on line 10
[18-Jul-2016 06:15:20 UTC] PHP Stack trace:
[18-Jul-2016 06:15:20 UTC] PHP   1. {main}() /home/ubuntu/workspace/project/park/seachmsg.php:0
[18-Jul-2016 06:15:20 UTC] PHP   2. mysql_fetch_array() /home/ubuntu/workspace/project/park/seachmsg.php:10
[18-Jul-2016 06:16:42 UTC] PHP Warning:  mysql_fetch_array() expects parameter 1 to be resource, null given in /home/ubuntu/workspace/project/park/seachmsg.php on line 10
[18-Jul-2016 06:16:42 UTC] PHP Stack trace:
[18-Jul-2016 06:16:42 UTC] PHP   1. {main}() /home/ubuntu/workspace/project/park/seachmsg.php:0
[18-Jul-2016 06:16:42 UTC] PHP   2. mysql_fetch_array() /home/ubuntu/workspace/project/park/seachmsg.php:10
[19-Jul-2016 02:47:44 UTC] PHP Warning:  mysql_fetch_array() expects parameter 1 to be resource, boolean given in /home/ubuntu/workspace/project/park/seachmsg.php on line 11
[19-Jul-2016 02:47:44 UTC] PHP Stack trace:
[19-Jul-2016 02:47:44 UTC] PHP   1. {main}() /home/ubuntu/workspace/project/park/seachmsg.php:0
[19-Jul-2016 02:47:44 UTC] PHP   2. mysql_fetch_array() /home/ubuntu/workspace/project/park/seachmsg.php:11
[19-Jul-2016 02:47:46 UTC] PHP Warning:  mysql_fetch_array() expects parameter 1 to be resource, boolean given in /home/ubuntu/workspace/project/park/seachmsg.php on line 11
[19-Jul-2016 02:47:46 UTC] PHP Stack trace:
[19-Jul-2016 02:47:46 UTC] PHP   1. {main}() /home/ubuntu/workspace/project/park/seachmsg.php:0
[19-Jul-2016 02:47:46 UTC] PHP   2. mysql_fetch_array() /home/ubuntu/workspace/project/park/seachmsg.php:11
[19-Jul-2016 02:47:52 UTC] PHP Warning:  mysql_fetch_array() expects parameter 1 to be resource, boolean given in /home/ubuntu/workspace/project/park/seachmsg.php on line 11
[19-Jul-2016 02:47:52 UTC] PHP Stack trace:
[19-Jul-2016 02:47:52 UTC] PHP   1. {main}() /home/ubuntu/workspace/project/park/seachmsg.php:0
[19-Jul-2016 02:47:52 UTC] PHP   2. mysql_fetch_array() /home/ubuntu/workspace/project/park/seachmsg.php:11
[19-Jul-2016 02:47:55 UTC] PHP Warning:  mysql_fetch_array() expects parameter 1 to be resource, boolean given in /home/ubuntu/workspace/project/park/seachmsg.php on line 11
[19-Jul-2016 02:47:55 UTC] PHP Stack trace:
[19-Jul-2016 02:47:55 UTC] PHP   1. {main}() /home/ubuntu/workspace/project/park/seachmsg.php:0
[19-Jul-2016 02:47:55 UTC] PHP   2. mysql_fetch_array() /home/ubuntu/workspace/project/park/seachmsg.php:11
[19-Jul-2016 02:47:57 UTC] PHP Warning:  mysql_fetch_array() expects parameter 1 to be resource, boolean given in /home/ubuntu/workspace/project/park/seachmsg.php on line 11
[19-Jul-2016 02:47:57 UTC] PHP Stack trace:
[19-Jul-2016 02:47:57 UTC] PHP   1. {main}() /home/ubuntu/workspace/project/park/seachmsg.php:0
[19-Jul-2016 02:47:57 UTC] PHP   2. mysql_fetch_array() /home/ubuntu/workspace/project/park/seachmsg.php:11
[19-Jul-2016 02:48:00 UTC] PHP Warning:  mysql_fetch_array() expects parameter 1 to be resource, boolean given in /home/ubuntu/workspace/project/park/seachmsg.php on line 11
[19-Jul-2016 02:48:00 UTC] PHP Stack trace:
[19-Jul-2016 02:48:00 UTC] PHP   1. {main}() /home/ubuntu/workspace/project/park/seachmsg.php:0
[19-Jul-2016 02:48:00 UTC] PHP   2. mysql_fetch_array() /home/ubuntu/workspace/project/park/seachmsg.php:11
[19-Jul-2016 02:48:24 UTC] PHP Warning:  mysql_fetch_array() expects parameter 1 to be resource, boolean given in /home/ubuntu/workspace/project/park/seachmsg.php on line 11
[19-Jul-2016 02:48:24 UTC] PHP Stack trace:
[19-Jul-2016 02:48:24 UTC] PHP   1. {main}() /home/ubuntu/workspace/project/park/seachmsg.php:0
[19-Jul-2016 02:48:24 UTC] PHP   2. mysql_fetch_array() /home/ubuntu/workspace/project/park/seachmsg.php:11
[19-Jul-2016 02:48:32 UTC] PHP Warning:  mysql_fetch_array() expects parameter 1 to be resource, boolean given in /home/ubuntu/workspace/project/park/seachmsg.php on line 11
[19-Jul-2016 02:48:32 UTC] PHP Stack trace:
[19-Jul-2016 02:48:32 UTC] PHP   1. {main}() /home/ubuntu/workspace/project/park/seachmsg.php:0
[19-Jul-2016 02:48:32 UTC] PHP   2. mysql_fetch_array() /home/ubuntu/workspace/project/park/seachmsg.php:11
[19-Jul-2016 02:48:37 UTC] PHP Warning:  mysql_fetch_array() expects parameter 1 to be resource, boolean given in /home/ubuntu/workspace/project/park/seachmsg.php on line 11
[19-Jul-2016 02:48:37 UTC] PHP Stack trace:
[19-Jul-2016 02:48:37 UTC] PHP   1. {main}() /home/ubuntu/workspace/project/park/seachmsg.php:0
[19-Jul-2016 02:48:37 UTC] PHP   2. mysql_fetch_array() /home/ubuntu/workspace/project/park/seachmsg.php:11
[19-Jul-2016 02:48:41 UTC] PHP Warning:  mysql_fetch_array() expects parameter 1 to be resource, boolean given in /home/ubuntu/workspace/project/park/seachmsg.php on line 11
[19-Jul-2016 02:48:41 UTC] PHP Stack trace:
[19-Jul-2016 02:48:41 UTC] PHP   1. {main}() /home/ubuntu/workspace/project/park/seachmsg.php:0
[19-Jul-2016 02:48:41 UTC] PHP   2. mysql_fetch_array() /home/ubuntu/workspace/project/park/seachmsg.php:11
[19-Jul-2016 02:49:49 UTC] PHP Warning:  mysql_fetch_array() expects parameter 1 to be resource, boolean given in /home/ubuntu/workspace/project/park/seachmsg.php on line 11
[19-Jul-2016 02:49:49 UTC] PHP Stack trace:
[19-Jul-2016 02:49:49 UTC] PHP   1. {main}() /home/ubuntu/workspace/project/park/seachmsg.php:0
[19-Jul-2016 02:49:49 UTC] PHP   2. mysql_fetch_array() /home/ubuntu/workspace/project/park/seachmsg.php:11
[19-Jul-2016 02:49:51 UTC] PHP Warning:  mysql_fetch_array() expects parameter 1 to be resource, boolean given in /home/ubuntu/workspace/project/park/seachmsg.php on line 11
[19-Jul-2016 02:49:51 UTC] PHP Stack trace:
[19-Jul-2016 02:49:51 UTC] PHP   1. {main}() /home/ubuntu/workspace/project/park/seachmsg.php:0
[19-Jul-2016 02:49:51 UTC] PHP   2. mysql_fetch_array() /home/ubuntu/workspace/project/park/seachmsg.php:11
[19-Jul-2016 02:50:44 UTC] PHP Warning:  mysql_fetch_array() expects parameter 1 to be resource, boolean given in /home/ubuntu/workspace/project/park/seachmsg.php on line 11
[19-Jul-2016 02:50:44 UTC] PHP Stack trace:
[19-Jul-2016 02:50:44 UTC] PHP   1. {main}() /home/ubuntu/workspace/project/park/seachmsg.php:0
[19-Jul-2016 02:50:44 UTC] PHP   2. mysql_fetch_array() /home/ubuntu/workspace/project/park/seachmsg.php:11
[19-Jul-2016 02:50:47 UTC] PHP Warning:  mysql_fetch_array() expects parameter 1 to be resource, boolean given in /home/ubuntu/workspace/project/park/seachmsg.php on line 11
[19-Jul-2016 02:50:47 UTC] PHP Stack trace:
[19-Jul-2016 02:50:47 UTC] PHP   1. {main}() /home/ubuntu/workspace/project/park/seachmsg.php:0
[19-Jul-2016 02:50:47 UTC] PHP   2. mysql_fetch_array() /home/ubuntu/workspace/project/park/seachmsg.php:11
[19-Jul-2016 02:50:51 UTC] PHP Warning:  mysql_fetch_array() expects parameter 1 to be resource, boolean given in /home/ubuntu/workspace/project/park/seachmsg.php on line 11
[19-Jul-2016 02:50:51 UTC] PHP Stack trace:
[19-Jul-2016 02:50:51 UTC] PHP   1. {main}() /home/ubuntu/workspace/project/park/seachmsg.php:0
[19-Jul-2016 02:50:51 UTC] PHP   2. mysql_fetch_array() /home/ubuntu/workspace/project/park/seachmsg.php:11
[19-Jul-2016 02:51:04 UTC] PHP Warning:  mysql_fetch_array() expects parameter 1 to be resource, boolean given in /home/ubuntu/workspace/project/park/seachmsg.php on line 11
[19-Jul-2016 02:51:04 UTC] PHP Stack trace:
[19-Jul-2016 02:51:04 UTC] PHP   1. {main}() /home/ubuntu/workspace/project/park/seachmsg.php:0
[19-Jul-2016 02:51:04 UTC] PHP   2. mysql_fetch_array() /home/ubuntu/workspace/project/park/seachmsg.php:11
[19-Jul-2016 02:51:05 UTC] PHP Warning:  mysql_fetch_array() expects parameter 1 to be resource, boolean given in /home/ubuntu/workspace/project/park/seachmsg.php on line 11
[19-Jul-2016 02:51:05 UTC] PHP Stack trace:
[19-Jul-2016 02:51:05 UTC] PHP   1. {main}() /home/ubuntu/workspace/project/park/seachmsg.php:0
[19-Jul-2016 02:51:05 UTC] PHP   2. mysql_fetch_array() /home/ubuntu/workspace/project/park/seachmsg.php:11
[19-Jul-2016 02:51:07 UTC] PHP Warning:  mysql_fetch_array() expects parameter 1 to be resource, boolean given in /home/ubuntu/workspace/project/park/seachmsg.php on line 11
[19-Jul-2016 02:51:07 UTC] PHP Stack trace:
[19-Jul-2016 02:51:07 UTC] PHP   1. {main}() /home/ubuntu/workspace/project/park/seachmsg.php:0
[19-Jul-2016 02:51:07 UTC] PHP   2. mysql_fetch_array() /home/ubuntu/workspace/project/park/seachmsg.php:11
[19-Jul-2016 02:51:52 UTC] PHP Warning:  mysql_fetch_array() expects parameter 1 to be resource, boolean given in /home/ubuntu/workspace/project/park/seachmsg.php on line 11
[19-Jul-2016 02:51:52 UTC] PHP Stack trace:
[19-Jul-2016 02:51:52 UTC] PHP   1. {main}() /home/ubuntu/workspace/project/park/seachmsg.php:0
[19-Jul-2016 02:51:52 UTC] PHP   2. mysql_fetch_array() /home/ubuntu/workspace/project/park/seachmsg.php:11
[19-Jul-2016 02:51:54 UTC] PHP Warning:  mysql_fetch_array() expects parameter 1 to be resource, boolean given in /home/ubuntu/workspace/project/park/seachmsg.php on line 11
[19-Jul-2016 02:51:54 UTC] PHP Stack trace:
[19-Jul-2016 02:51:54 UTC] PHP   1. {main}() /home/ubuntu/workspace/project/park/seachmsg.php:0
[19-Jul-2016 02:51:54 UTC] PHP   2. mysql_fetch_array() /home/ubuntu/workspace/project/park/seachmsg.php:11
[19-Jul-2016 02:51:57 UTC] PHP Warning:  mysql_fetch_array() expects parameter 1 to be resource, boolean given in /home/ubuntu/workspace/project/park/seachmsg.php on line 11
[19-Jul-2016 02:51:57 UTC] PHP Stack trace:
[19-Jul-2016 02:51:57 UTC] PHP   1. {main}() /home/ubuntu/workspace/project/park/seachmsg.php:0
[19-Jul-2016 02:51:57 UTC] PHP   2. mysql_fetch_array() /home/ubuntu/workspace/project/park/seachmsg.php:11
[19-Jul-2016 02:52:10 UTC] PHP Warning:  mysql_fetch_array() expects parameter 1 to be resource, boolean given in /home/ubuntu/workspace/project/park/seachmsg.php on line 11
[19-Jul-2016 02:52:10 UTC] PHP Stack trace:
[19-Jul-2016 02:52:10 UTC] PHP   1. {main}() /home/ubuntu/workspace/project/park/seachmsg.php:0
[19-Jul-2016 02:52:10 UTC] PHP   2. mysql_fetch_array() /home/ubuntu/workspace/project/park/seachmsg.php:11
[19-Jul-2016 02:52:13 UTC] PHP Warning:  mysql_fetch_array() expects parameter 1 to be resource, boolean given in /home/ubuntu/workspace/project/park/seachmsg.php on line 11
[19-Jul-2016 02:52:13 UTC] PHP Stack trace:
[19-Jul-2016 02:52:13 UTC] PHP   1. {main}() /home/ubuntu/workspace/project/park/seachmsg.php:0
[19-Jul-2016 02:52:13 UTC] PHP   2. mysql_fetch_array() /home/ubuntu/workspace/project/park/seachmsg.php:11
[19-Jul-2016 02:52:34 UTC] PHP Warning:  mysql_fetch_array() expects parameter 1 to be resource, boolean given in /home/ubuntu/workspace/project/park/seachmsg.php on line 11
[19-Jul-2016 02:52:34 UTC] PHP Stack trace:
[19-Jul-2016 02:52:34 UTC] PHP   1. {main}() /home/ubuntu/workspace/project/park/seachmsg.php:0
[19-Jul-2016 02:52:34 UTC] PHP   2. mysql_fetch_array() /home/ubuntu/workspace/project/park/seachmsg.php:11
[19-Jul-2016 02:52:38 UTC] PHP Warning:  mysql_fetch_array() expects parameter 1 to be resource, boolean given in /home/ubuntu/workspace/project/park/seachmsg.php on line 11
[19-Jul-2016 02:52:38 UTC] PHP Stack trace:
[19-Jul-2016 02:52:38 UTC] PHP   1. {main}() /home/ubuntu/workspace/project/park/seachmsg.php:0
[19-Jul-2016 02:52:38 UTC] PHP   2. mysql_fetch_array() /home/ubuntu/workspace/project/park/seachmsg.php:11
[19-Jul-2016 02:52:43 UTC] PHP Warning:  mysql_fetch_array() expects parameter 1 to be resource, boolean given in /home/ubuntu/workspace/project/park/seachmsg.php on line 11
[19-Jul-2016 02:52:43 UTC] PHP Stack trace:
[19-Jul-2016 02:52:43 UTC] PHP   1. {main}() /home/ubuntu/workspace/project/park/seachmsg.php:0
[19-Jul-2016 02:52:43 UTC] PHP   2. mysql_fetch_array() /home/ubuntu/workspace/project/park/seachmsg.php:11
[19-Jul-2016 02:52:45 UTC] PHP Warning:  mysql_fetch_array() expects parameter 1 to be resource, boolean given in /home/ubuntu/workspace/project/park/seachmsg.php on line 11
[19-Jul-2016 02:52:45 UTC] PHP Stack trace:
[19-Jul-2016 02:52:45 UTC] PHP   1. {main}() /home/ubuntu/workspace/project/park/seachmsg.php:0
[19-Jul-2016 02:52:45 UTC] PHP   2. mysql_fetch_array() /home/ubuntu/workspace/project/park/seachmsg.php:11
[19-Jul-2016 02:52:48 UTC] PHP Warning:  mysql_fetch_array() expects parameter 1 to be resource, boolean given in /home/ubuntu/workspace/project/park/seachmsg.php on line 11
[19-Jul-2016 02:52:48 UTC] PHP Stack trace:
[19-Jul-2016 02:52:48 UTC] PHP   1. {main}() /home/ubuntu/workspace/project/park/seachmsg.php:0
[19-Jul-2016 02:52:48 UTC] PHP   2. mysql_fetch_array() /home/ubuntu/workspace/project/park/seachmsg.php:11
[19-Jul-2016 02:54:07 UTC] PHP Warning:  mysql_fetch_array() expects parameter 1 to be resource, boolean given in /home/ubuntu/workspace/project/park/seachmsg.php on line 11
[19-Jul-2016 02:54:07 UTC] PHP Stack trace:
[19-Jul-2016 02:54:07 UTC] PHP   1. {main}() /home/ubuntu/workspace/project/park/seachmsg.php:0
[19-Jul-2016 02:54:07 UTC] PHP   2. mysql_fetch_array() /home/ubuntu/workspace/project/park/seachmsg.php:11
[19-Jul-2016 02:55:04 UTC] PHP Warning:  mysql_fetch_array() expects parameter 1 to be resource, boolean given in /home/ubuntu/workspace/project/park/seachmsg.php on line 11
[19-Jul-2016 02:55:04 UTC] PHP Stack trace:
[19-Jul-2016 02:55:04 UTC] PHP   1. {main}() /home/ubuntu/workspace/project/park/seachmsg.php:0
[19-Jul-2016 02:55:04 UTC] PHP   2. mysql_fetch_array() /home/ubuntu/workspace/project/park/seachmsg.php:11
[19-Jul-2016 02:55:10 UTC] PHP Warning:  mysql_fetch_array() expects parameter 1 to be resource, boolean given in /home/ubuntu/workspace/project/park/seachmsg.php on line 11
[19-Jul-2016 02:55:10 UTC] PHP Stack trace:
[19-Jul-2016 02:55:10 UTC] PHP   1. {main}() /home/ubuntu/workspace/project/park/seachmsg.php:0
[19-Jul-2016 02:55:10 UTC] PHP   2. mysql_fetch_array() /home/ubuntu/workspace/project/park/seachmsg.php:11
[19-Jul-2016 02:55:32 UTC] PHP Warning:  mysql_fetch_array() expects parameter 1 to be resource, boolean given in /home/ubuntu/workspace/project/park/seachmsg.php on line 11
[19-Jul-2016 02:55:32 UTC] PHP Stack trace:
[19-Jul-2016 02:55:32 UTC] PHP   1. {main}() /home/ubuntu/workspace/project/park/seachmsg.php:0
[19-Jul-2016 02:55:32 UTC] PHP   2. mysql_fetch_array() /home/ubuntu/workspace/project/park/seachmsg.php:11
[19-Jul-2016 02:56:18 UTC] PHP Warning:  mysql_fetch_array() expects parameter 1 to be resource, boolean given in /home/ubuntu/workspace/project/park/seachmsg.php on line 11
[19-Jul-2016 02:56:18 UTC] PHP Stack trace:
[19-Jul-2016 02:56:18 UTC] PHP   1. {main}() /home/ubuntu/workspace/project/park/seachmsg.php:0
[19-Jul-2016 02:56:18 UTC] PHP   2. mysql_fetch_array() /home/ubuntu/workspace/project/park/seachmsg.php:11
[19-Jul-2016 02:57:29 UTC] PHP Warning:  mysql_fetch_array() expects parameter 1 to be resource, boolean given in /home/ubuntu/workspace/project/park/seachmsg.php on line 11
[19-Jul-2016 02:57:29 UTC] PHP Stack trace:
[19-Jul-2016 02:57:29 UTC] PHP   1. {main}() /home/ubuntu/workspace/project/park/seachmsg.php:0
[19-Jul-2016 02:57:29 UTC] PHP   2. mysql_fetch_array(*uninitialized*) /home/ubuntu/workspace/project/park/seachmsg.php:11
[19-Jul-2016 03:27:49 UTC] PHP Warning:  Illegal string offset 'name' in /home/ubuntu/workspace/project/park/seachmsg.php on line 15
[19-Jul-2016 03:27:49 UTC] PHP Stack trace:
[19-Jul-2016 03:27:49 UTC] PHP   1. {main}() /home/ubuntu/workspace/project/park/seachmsg.php:0
[19-Jul-2016 03:27:49 UTC] PHP Warning:  Illegal string offset 'star' in /home/ubuntu/workspace/project/park/seachmsg.php on line 15
[19-Jul-2016 03:27:49 UTC] PHP Stack trace:
[19-Jul-2016 03:27:49 UTC] PHP   1. {main}() /home/ubuntu/workspace/project/park/seachmsg.php:0
[19-Jul-2016 03:27:49 UTC] PHP Warning:  Illegal string offset 'name' in /home/ubuntu/workspace/project/park/seachmsg.php on line 15
[19-Jul-2016 03:27:49 UTC] PHP Stack trace:
[19-Jul-2016 03:27:49 UTC] PHP   1. {main}() /home/ubuntu/workspace/project/park/seachmsg.php:0
[19-Jul-2016 03:27:49 UTC] PHP Warning:  Illegal string offset 'star' in /home/ubuntu/workspace/project/park/seachmsg.php on line 15
[19-Jul-2016 03:27:49 UTC] PHP Stack trace:
[19-Jul-2016 03:27:49 UTC] PHP   1. {main}() /home/ubuntu/workspace/project/park/seachmsg.php:0
[19-Jul-2016 03:27:51 UTC] PHP Warning:  Illegal string offset 'name' in /home/ubuntu/workspace/project/park/seachmsg.php on line 15
[19-Jul-2016 03:27:51 UTC] PHP Stack trace:
[19-Jul-2016 03:27:51 UTC] PHP   1. {main}() /home/ubuntu/workspace/project/park/seachmsg.php:0
[19-Jul-2016 03:27:51 UTC] PHP Warning:  Illegal string offset 'star' in /home/ubuntu/workspace/project/park/seachmsg.php on line 15
[19-Jul-2016 03:27:51 UTC] PHP Stack trace:
[19-Jul-2016 03:27:51 UTC] PHP   1. {main}() /home/ubuntu/workspace/project/park/seachmsg.php:0
[19-Jul-2016 03:27:51 UTC] PHP Warning:  Illegal string offset 'name' in /home/ubuntu/workspace/project/park/seachmsg.php on line 15
[19-Jul-2016 03:27:51 UTC] PHP Stack trace:
[19-Jul-2016 03:27:51 UTC] PHP   1. {main}() /home/ubuntu/workspace/project/park/seachmsg.php:0
[19-Jul-2016 03:27:51 UTC] PHP Warning:  Illegal string offset 'star' in /home/ubuntu/workspace/project/park/seachmsg.php on line 15
[19-Jul-2016 03:27:51 UTC] PHP Stack trace:
[19-Jul-2016 03:27:51 UTC] PHP   1. {main}() /home/ubuntu/workspace/project/park/seachmsg.php:0
[19-Jul-2016 03:28:41 UTC] PHP Warning:  Illegal string offset 'name' in /home/ubuntu/workspace/project/park/seachmsg.php on line 15
[19-Jul-2016 03:28:41 UTC] PHP Stack trace:
[19-Jul-2016 03:28:41 UTC] PHP   1. {main}() /home/ubuntu/workspace/project/park/seachmsg.php:0
[19-Jul-2016 03:28:41 UTC] PHP Warning:  Illegal string offset 'star' in /home/ubuntu/workspace/project/park/seachmsg.php on line 15
[19-Jul-2016 03:28:41 UTC] PHP Stack trace:
[19-Jul-2016 03:28:41 UTC] PHP   1. {main}() /home/ubuntu/workspace/project/park/seachmsg.php:0
[19-Jul-2016 03:28:41 UTC] PHP Warning:  Illegal string offset 'name' in /home/ubuntu/workspace/project/park/seachmsg.php on line 15
[19-Jul-2016 03:28:41 UTC] PHP Stack trace:
[19-Jul-2016 03:28:41 UTC] PHP   1. {main}() /home/ubuntu/workspace/project/park/seachmsg.php:0
[19-Jul-2016 03:28:41 UTC] PHP Warning:  Illegal string offset 'star' in /home/ubuntu/workspace/project/park/seachmsg.php on line 15
[19-Jul-2016 03:28:41 UTC] PHP Stack trace:
[19-Jul-2016 03:28:41 UTC] PHP   1. {main}() /home/ubuntu/workspace/project/park/seachmsg.php:0
[19-Jul-2016 03:28:45 UTC] PHP Warning:  Illegal string offset 'name' in /home/ubuntu/workspace/project/park/seachmsg.php on line 15
[19-Jul-2016 03:28:45 UTC] PHP Stack trace:
[19-Jul-2016 03:28:45 UTC] PHP   1. {main}() /home/ubuntu/workspace/project/park/seachmsg.php:0
[19-Jul-2016 03:28:45 UTC] PHP Warning:  Illegal string offset 'star' in /home/ubuntu/workspace/project/park/seachmsg.php on line 15
[19-Jul-2016 03:28:45 UTC] PHP Stack trace:
[19-Jul-2016 03:28:45 UTC] PHP   1. {main}() /home/ubuntu/workspace/project/park/seachmsg.php:0
[19-Jul-2016 03:28:45 UTC] PHP Warning:  Illegal string offset 'name' in /home/ubuntu/workspace/project/park/seachmsg.php on line 15
[19-Jul-2016 03:28:45 UTC] PHP Stack trace:
[19-Jul-2016 03:28:45 UTC] PHP   1. {main}() /home/ubuntu/workspace/project/park/seachmsg.php:0
[19-Jul-2016 03:28:45 UTC] PHP Warning:  Illegal string offset 'star' in /home/ubuntu/workspace/project/park/seachmsg.php on line 15
[19-Jul-2016 03:28:45 UTC] PHP Stack trace:
[19-Jul-2016 03:28:45 UTC] PHP   1. {main}() /home/ubuntu/workspace/project/park/seachmsg.php:0
[19-Jul-2016 03:30:50 UTC] PHP Warning:  Illegal string offset 'name' in /home/ubuntu/workspace/project/park/seachmsg.php on line 15
[19-Jul-2016 03:30:50 UTC] PHP Stack trace:
[19-Jul-2016 03:30:50 UTC] PHP   1. {main}() /home/ubuntu/workspace/project/park/seachmsg.php:0
[19-Jul-2016 03:30:50 UTC] PHP Warning:  Illegal string offset 'star' in /home/ubuntu/workspace/project/park/seachmsg.php on line 15
[19-Jul-2016 03:30:50 UTC] PHP Stack trace:
[19-Jul-2016 03:30:50 UTC] PHP   1. {main}() /home/ubuntu/workspace/project/park/seachmsg.php:0
[19-Jul-2016 03:30:50 UTC] PHP Warning:  Illegal string offset 'name' in /home/ubuntu/workspace/project/park/seachmsg.php on line 15
[19-Jul-2016 03:30:50 UTC] PHP Stack trace:
[19-Jul-2016 03:30:50 UTC] PHP   1. {main}() /home/ubuntu/workspace/project/park/seachmsg.php:0
[19-Jul-2016 03:30:50 UTC] PHP Warning:  Illegal string offset 'star' in /home/ubuntu/workspace/project/park/seachmsg.php on line 15
[19-Jul-2016 03:30:50 UTC] PHP Stack trace:
[19-Jul-2016 03:30:50 UTC] PHP   1. {main}() /home/ubuntu/workspace/project/park/seachmsg.php:0
[19-Jul-2016 03:31:03 UTC] PHP Warning:  Illegal string offset 'name' in /home/ubuntu/workspace/project/park/seachmsg.php on line 15
[19-Jul-2016 03:31:03 UTC] PHP Stack trace:
[19-Jul-2016 03:31:03 UTC] PHP   1. {main}() /home/ubuntu/workspace/project/park/seachmsg.php:0
[19-Jul-2016 03:31:03 UTC] PHP Warning:  Illegal string offset 'star' in /home/ubuntu/workspace/project/park/seachmsg.php on line 15
[19-Jul-2016 03:31:03 UTC] PHP Stack trace:
[19-Jul-2016 03:31:03 UTC] PHP   1. {main}() /home/ubuntu/workspace/project/park/seachmsg.php:0
[19-Jul-2016 03:31:03 UTC] PHP Warning:  Illegal string offset 'name' in /home/ubuntu/workspace/project/park/seachmsg.php on line 15
[19-Jul-2016 03:31:03 UTC] PHP Stack trace:
[19-Jul-2016 03:31:03 UTC] PHP   1. {main}() /home/ubuntu/workspace/project/park/seachmsg.php:0
[19-Jul-2016 03:31:03 UTC] PHP Warning:  Illegal string offset 'star' in /home/ubuntu/workspace/project/park/seachmsg.php on line 15
[19-Jul-2016 03:31:03 UTC] PHP Stack trace:
[19-Jul-2016 03:31:03 UTC] PHP   1. {main}() /home/ubuntu/workspace/project/park/seachmsg.php:0
[19-Jul-2016 03:31:13 UTC] PHP Warning:  Illegal string offset 'name' in /home/ubuntu/workspace/project/park/seachmsg.php on line 15
[19-Jul-2016 03:31:13 UTC] PHP Stack trace:
[19-Jul-2016 03:31:13 UTC] PHP   1. {main}() /home/ubuntu/workspace/project/park/seachmsg.php:0
[19-Jul-2016 03:31:13 UTC] PHP Warning:  Illegal string offset 'star' in /home/ubuntu/workspace/project/park/seachmsg.php on line 15
[19-Jul-2016 03:31:13 UTC] PHP Stack trace:
[19-Jul-2016 03:31:13 UTC] PHP   1. {main}() /home/ubuntu/workspace/project/park/seachmsg.php:0
[19-Jul-2016 03:31:13 UTC] PHP Warning:  Illegal string offset 'name' in /home/ubuntu/workspace/project/park/seachmsg.php on line 15
[19-Jul-2016 03:31:13 UTC] PHP Stack trace:
[19-Jul-2016 03:31:13 UTC] PHP   1. {main}() /home/ubuntu/workspace/project/park/seachmsg.php:0
[19-Jul-2016 03:31:13 UTC] PHP Warning:  Illegal string offset 'star' in /home/ubuntu/workspace/project/park/seachmsg.php on line 15
[19-Jul-2016 03:31:13 UTC] PHP Stack trace:
[19-Jul-2016 03:31:13 UTC] PHP   1. {main}() /home/ubuntu/workspace/project/park/seachmsg.php:0
